<?xml version="1.0" encoding="UTF-8"?>
<testng-results skipped="0" failed="0" ignored="0" total="0" passed="0">
  <reporter-output>
  </reporter-output>
  <suite name="TestCalass" duration-ms="6" started-at="2020-06-04T03:19:26 IST" finished-at="2020-06-04T03:19:26 IST">
    <groups>
    </groups>
    <test name="Command line test" duration-ms="6" started-at="2020-06-04T03:19:26 IST" finished-at="2020-06-04T03:19:26 IST">
    </test> <!-- Command line test -->
  </suite> <!-- TestCalass -->
</testng-results>
